<?xml version="1.0" encoding="UTF-8" standalone="no"?>
<!DOCTYPE log SYSTEM "logger.dtd">
<log>
<record>
  <date>2021-05-09T22:46:21.888-0300</date>
  <logger>OTAVIO MANOEL SALES CIPRIANO</logger>
  <level>FINE</level>
  <message>File 119210566-OTAVIO MANOEL SALES CIPRIANO.zip was received. It was sent by OTAVIO MANOEL SALES CIPRIANO from IP 26.25.136.237 at 09-05-2021 22*46*20</message>
</record>
</log>
<?xml version="1.0" encoding="UTF-8" standalone="no"?>
<!DOCTYPE log SYSTEM "logger.dtd">
<log>
<record>
  <date>2021-05-09T22:59:35.809-0300</date>
  <logger>OTAVIO MANOEL SALES CIPRIANO</logger>
  <level>FINE</level>
  <message>File 119210566-OTAVIO MANOEL SALES CIPRIANO.zip was received. It was sent by OTAVIO MANOEL SALES CIPRIANO from IP 26.25.136.237 at 09-05-2021 22*59*35</message>
</record>
</log>
<?xml version="1.0" encoding="UTF-8" standalone="no"?>
<!DOCTYPE log SYSTEM "logger.dtd">
<log>
<record>
  <date>2021-05-09T23:15:31.993-0300</date>
  <logger>OTAVIO MANOEL SALES CIPRIANO</logger>
  <level>FINE</level>
  <message>File 119210566-OTAVIO MANOEL SALES CIPRIANO.zip was received. It was sent by OTAVIO MANOEL SALES CIPRIANO from IP 26.25.136.237 at 09-05-2021 23*15*31</message>
</record>
