<?xml version="1.0" encoding="UTF-8" standalone="no"?>
<!DOCTYPE log SYSTEM "logger.dtd">
<log>
<record>
  <date>2021-04-14T18:49:26.898-0300</date>
  <logger>OTAVIO MANOEL SALES CIPRIANO</logger>
  <level>FINE</level>
  <message>File 119210566-OTAVIO MANOEL SALES CIPRIANO.zip was received. It was sent by OTAVIO MANOEL SALES CIPRIANO from IP 26.25.136.237 at 14-04-2021 18*49*26</message>
</record>
</log>
<?xml version="1.0" encoding="UTF-8" standalone="no"?>
<!DOCTYPE log SYSTEM "logger.dtd">
<log>
<record>
  <date>2021-04-18T22:42:58.567-0300</date>
  <logger>OTAVIO MANOEL SALES CIPRIANO</logger>
  <level>FINE</level>
  <message>File 119210566-OTAVIO MANOEL SALES CIPRIANO.zip was received. It was sent by OTAVIO MANOEL SALES CIPRIANO from IP 26.25.136.237 at 18-04-2021 22*42*58</message>
</record>
</log>
<?xml version="1.0" encoding="UTF-8" standalone="no"?>
<!DOCTYPE log SYSTEM "logger.dtd">
<log>
<record>
  <date>2021-04-18T22:43:47.883-0300</date>
  <logger>OTAVIO MANOEL SALES CIPRIANO</logger>
  <level>FINE</level>
  <message>File 119210566-OTAVIO MANOEL SALES CIPRIANO.zip was received. It was sent by OTAVIO MANOEL SALES CIPRIANO from IP 26.25.136.237 at 18-04-2021 22*43*47</message>
</record>
</log>
<?xml version="1.0" encoding="UTF-8" standalone="no"?>
<!DOCTYPE log SYSTEM "logger.dtd">
<log>
<record>
  <date>2021-04-18T22:45:11.705-0300</date>
  <logger>OTAVIO MANOEL SALES CIPRIANO</logger>
  <level>FINE</level>
  <message>File 119210566-OTAVIO MANOEL SALES CIPRIANO.zip was received. It was sent by OTAVIO MANOEL SALES CIPRIANO from IP 26.25.136.237 at 18-04-2021 22*45*11</message>
</record>
